#
# An unexpected error has occurred (11)
#
Stack:
/lib/x86_64-linux-gnu/libc.so.6(+0x42520) [0x7f89ecc19520]
/mada/software/Xilinx/Vivado/2023.1/lib/lnx64.o/librdi_simbridge_kernel.so(SimBridge::CArray::empty() const+0) [0x7f89e5bacca0]
/mada/software/Xilinx/Vivado/2023.1/lib/lnx64.o/librdi_simbridge_kernel.so(SimBridge::WdbEventBlock::addBlock(SimBridge::WdbIBlockManager&, unsigned int&) const+0x1c) [0x7f89e5bad30c]
/mada/software/Xilinx/Vivado/2023.1/lib/lnx64.o/librdi_simbridge_kernel.so(SimBridge::WdbMultipleBucketEventDatabase::getEventBlockDatabaseIterator(std::vector<SimBridge::WdbScalarBTree*, std::allocator<SimBridge::WdbScalarBTree*> > const&, std::vector<boost::shared_ptr<SimBridge::WdbIEventBlockIterator>, std::allocator<boost::shared_ptr<SimBridge::WdbIEventBlockIterator> > >&, std::vector<std::vector<SimBridge::WdbScalarBTree*, std::allocator<SimBridge::WdbScalarBTree*> >, std::allocator<std::vector<SimBridge::WdbScalarBTree*, std::allocator<SimBridge::WdbScalarBTree*> > > >&) const+0x51e) [0x7f89e5bc4b0e]
/mada/software/Xilinx/Vivado/2023.1/lib/lnx64.o/librdi_simbridge_kernel.so(SimBridge::WdbAddressBTreeManager::scanWdbDatabaseMultiThread(std::vector<SimBridge::WdbScalarBTree*, std::allocator<SimBridge::WdbScalarBTree*> > const&, ISIM::IGuiStatus*)+0xd7) [0x7f89e5ba41b7]
/mada/software/Xilinx/Vivado/2023.1/lib/lnx64.o/librdi_wavedata.so(SimBridge::DataObjMgr::createDrawingBTree(std::vector<SimBridge::IDataObj const*, std::allocator<SimBridge::IDataObj const*> > const&, ISIM::IGuiStatus*, bool)+0x357) [0x7f89df1783d7]
/mada/software/Xilinx/Vivado/2023.1/lib/lnx64.o/librdi_wavedata.so(SimBridge::DataReader::getValue(SimBridge::IDataObj const*, long long, SimBridge::ValueFormat const&, SimBridge::Value&) const+0xe8) [0x7f89df183ab8]
/mada/software/Xilinx/Vivado/2023.1/lib/lnx64.o/librdi_simtcltasks.so(+0x1b891a) [0x7f89dfe2191a]
/mada/software/Xilinx/Vivado/2023.1/lib/lnx64.o/librdi_common.so(+0xbcfbcf) [0x7f89ee2c2bcf]
/mada/software/Xilinx/Vivado/2023.1/lib/lnx64.o/libtcl8.5.so(+0x3356f) [0x7f89e903356f]
/mada/software/Xilinx/Vivado/2023.1/lib/lnx64.o/libtcl8.5.so(+0x34bf8) [0x7f89e9034bf8]
/mada/software/Xilinx/Vivado/2023.1/lib/lnx64.o/libtcl8.5.so(Tcl_EvalEx+0x13) [0x7f89e9035163]
/mada/software/Xilinx/Vivado/2023.1/lib/lnx64.o/libtcl8.5.so(Tcl_FSEvalFileEx+0x1da) [0x7f89e9099d2a]
/mada/software/Xilinx/Vivado/2023.1/lib/lnx64.o/librdi_commontasks.so(+0x27cfb0) [0x7f89d7baefb0]
/mada/software/Xilinx/Vivado/2023.1/lib/lnx64.o/librdi_common.so(+0xbcfbcf) [0x7f89ee2c2bcf]
/mada/software/Xilinx/Vivado/2023.1/lib/lnx64.o/libtcl8.5.so(+0x3356f) [0x7f89e903356f]
/mada/software/Xilinx/Vivado/2023.1/lib/lnx64.o/libtcl8.5.so(+0x76945) [0x7f89e9076945]
/mada/software/Xilinx/Vivado/2023.1/lib/lnx64.o/libtcl8.5.so(+0x7e0f9) [0x7f89e907e0f9]
/mada/software/Xilinx/Vivado/2023.1/lib/lnx64.o/libtcl8.5.so(TclEvalObjEx+0x76) [0x7f89e9035216]
/mada/software/Xilinx/Vivado/2023.1/lib/lnx64.o/librdi_commontasks.so(+0x260c9e) [0x7f89d7b92c9e]
/mada/software/Xilinx/Vivado/2023.1/lib/lnx64.o/libtcl8.5.so(+0x3356f) [0x7f89e903356f]
/mada/software/Xilinx/Vivado/2023.1/lib/lnx64.o/libtcl8.5.so(+0x76945) [0x7f89e9076945]
/mada/software/Xilinx/Vivado/2023.1/lib/lnx64.o/libtcl8.5.so(Tcl_ExprObj+0xf8) [0x7f89e907dcd8]
/mada/software/Xilinx/Vivado/2023.1/lib/lnx64.o/libtcl8.5.so(Tcl_ExprBooleanObj+0x16) [0x7f89e9033f56]
/mada/software/Xilinx/Vivado/2023.1/lib/lnx64.o/libtcl8.5.so(+0x3e7ae) [0x7f89e903e7ae]
/mada/software/Xilinx/Vivado/2023.1/lib/lnx64.o/libtcl8.5.so(+0x3356f) [0x7f89e903356f]
/mada/software/Xilinx/Vivado/2023.1/lib/lnx64.o/libtcl8.5.so(+0x76945) [0x7f89e9076945]
/mada/software/Xilinx/Vivado/2023.1/lib/lnx64.o/libtcl8.5.so(+0x7e0f9) [0x7f89e907e0f9]
/mada/software/Xilinx/Vivado/2023.1/lib/lnx64.o/libtcl8.5.so(TclEvalObjEx+0x76) [0x7f89e9035216]
/mada/software/Xilinx/Vivado/2023.1/lib/lnx64.o/libtcl8.5.so(+0x3e824) [0x7f89e903e824]
/mada/software/Xilinx/Vivado/2023.1/lib/lnx64.o/libtcl8.5.so(+0x3356f) [0x7f89e903356f]
/mada/software/Xilinx/Vivado/2023.1/lib/lnx64.o/libtcl8.5.so(+0x34bf8) [0x7f89e9034bf8]
/mada/software/Xilinx/Vivado/2023.1/lib/lnx64.o/libtcl8.5.so(Tcl_EvalEx+0x13) [0x7f89e9035163]
/mada/software/Xilinx/Vivado/2023.1/lib/lnx64.o/libtcl8.5.so(Tcl_FSEvalFileEx+0x1da) [0x7f89e9099d2a]
/mada/software/Xilinx/Vivado/2023.1/lib/lnx64.o/librdi_commontasks.so(+0x27cfb0) [0x7f89d7baefb0]
/mada/software/Xilinx/Vivado/2023.1/lib/lnx64.o/librdi_common.so(+0xbcfbcf) [0x7f89ee2c2bcf]
/mada/software/Xilinx/Vivado/2023.1/lib/lnx64.o/libtcl8.5.so(+0x3356f) [0x7f89e903356f]
/mada/software/Xilinx/Vivado/2023.1/lib/lnx64.o/libtcl8.5.so(+0x76945) [0x7f89e9076945]
/mada/software/Xilinx/Vivado/2023.1/lib/lnx64.o/libtcl8.5.so(+0x7e0f9) [0x7f89e907e0f9]
/mada/software/Xilinx/Vivado/2023.1/lib/lnx64.o/libtcl8.5.so(TclEvalObjEx+0x76) [0x7f89e9035216]
/mada/software/Xilinx/Vivado/2023.1/lib/lnx64.o/libtcl8.5.so(+0x3e824) [0x7f89e903e824]
/mada/software/Xilinx/Vivado/2023.1/lib/lnx64.o/libtcl8.5.so(+0x3356f) [0x7f89e903356f]
/mada/software/Xilinx/Vivado/2023.1/lib/lnx64.o/libtcl8.5.so(+0x34bf8) [0x7f89e9034bf8]
/mada/software/Xilinx/Vivado/2023.1/lib/lnx64.o/libtcl8.5.so(Tcl_EvalEx+0x13) [0x7f89e9035163]
/mada/software/Xilinx/Vivado/2023.1/lib/lnx64.o/libtcl8.5.so(Tcl_FSEvalFileEx+0x1da) [0x7f89e9099d2a]
/mada/software/Xilinx/Vivado/2023.1/lib/lnx64.o/librdi_commontasks.so(+0x27cfb0) [0x7f89d7baefb0]
/mada/software/Xilinx/Vivado/2023.1/lib/lnx64.o/librdi_common.so(+0xbcfbcf) [0x7f89ee2c2bcf]
/mada/software/Xilinx/Vivado/2023.1/lib/lnx64.o/libtcl8.5.so(+0x3356f) [0x7f89e903356f]
/mada/software/Xilinx/Vivado/2023.1/lib/lnx64.o/libtcl8.5.so(Tcl_EvalObjv+0x32) [0x7f89e90336a2]
/mada/software/Xilinx/Vivado/2023.1/lib/lnx64.o/libtcl8.5.so(TclEvalObjEx+0x322) [0x7f89e90354c2]
/mada/software/Xilinx/Vivado/2023.1/lib/lnx64.o/librdi_common.so(hdi::tcltasks::task_manager::eval_in_tcl(Tcl_Interp*, Tcl_Obj*, char const*, bool)+0x7ad) [0x7f89ee2c0fbd]
/mada/software/Xilinx/Vivado/2023.1/lib/lnx64.o/librdi_simtcltasks.so(RSTTclHelper::processTclbatchOption(hdi::tcltasks::task_options_base&, Tcl_Interp*)+0xf0) [0x7f89dfd6c9a0]
/mada/software/Xilinx/Vivado/2023.1/lib/lnx64.o/librdi_simtcltasks.so(+0x17b535) [0x7f89dfde4535]
/mada/software/Xilinx/Vivado/2023.1/lib/lnx64.o/librdi_common.so(+0xbcfbcf) [0x7f89ee2c2bcf]
/mada/software/Xilinx/Vivado/2023.1/lib/lnx64.o/libtcl8.5.so(+0x3356f) [0x7f89e903356f]
/mada/software/Xilinx/Vivado/2023.1/lib/lnx64.o/libtcl8.5.so(+0x34bf8) [0x7f89e9034bf8]
/mada/software/Xilinx/Vivado/2023.1/lib/lnx64.o/libtcl8.5.so(Tcl_EvalEx+0x13) [0x7f89e9035163]
/mada/software/Xilinx/Vivado/2023.1/lib/lnx64.o/libtcl8.5.so(Tcl_FSEvalFileEx+0x1da) [0x7f89e9099d2a]
/mada/software/Xilinx/Vivado/2023.1/lib/lnx64.o/librdi_commontasks.so(+0x27cfb0) [0x7f89d7baefb0]
/mada/software/Xilinx/Vivado/2023.1/lib/lnx64.o/librdi_common.so(+0xbcfbcf) [0x7f89ee2c2bcf]
/mada/software/Xilinx/Vivado/2023.1/lib/lnx64.o/libtcl8.5.so(+0x3356f) [0x7f89e903356f]
/mada/software/Xilinx/Vivado/2023.1/lib/lnx64.o/libtcl8.5.so(Tcl_EvalObjv+0x32) [0x7f89e90336a2]
/mada/software/Xilinx/Vivado/2023.1/lib/lnx64.o/libtcl8.5.so(TclEvalObjEx+0x322) [0x7f89e90354c2]
/mada/software/Xilinx/Vivado/2023.1/lib/lnx64.o/librdi_commontasks.so(+0x2c3538) [0x7f89d7bf5538]
/mada/software/Xilinx/Vivado/2023.1/lib/lnx64.o/librdi_commontasks.so(+0x2c4b3f) [0x7f89d7bf6b3f]
/mada/software/Xilinx/Vivado/2023.1/lib/lnx64.o/librdi_common.so(+0xbcfbcf) [0x7f89ee2c2bcf]
/mada/software/Xilinx/Vivado/2023.1/lib/lnx64.o/libtcl8.5.so(+0x3356f) [0x7f89e903356f]
/mada/software/Xilinx/Vivado/2023.1/lib/lnx64.o/libtcl8.5.so(Tcl_EvalObjv+0x32) [0x7f89e90336a2]
/mada/software/Xilinx/Vivado/2023.1/lib/lnx64.o/libtcl8.5.so(TclEvalObjEx+0x322) [0x7f89e90354c2]
/mada/software/Xilinx/Vivado/2023.1/lib/lnx64.o/librdi_commonmain.so(+0xc5b8) [0x7f89ed6e55b8]
/mada/software/Xilinx/Vivado/2023.1/lib/lnx64.o/libtcl8.5.so(Tcl_Main+0x1d0) [0x7f89e90a02f0]
/mada/software/Xilinx/Vivado/2023.1/lib/lnx64.o/librdi_common.so(+0xbfd38b) [0x7f89ee2f038b]
/lib/x86_64-linux-gnu/libc.so.6(+0x94ac3) [0x7f89ecc6bac3]
/lib/x86_64-linux-gnu/libc.so.6(+0x126850) [0x7f89eccfd850]
